Determining if the pthread_create exist failed with the following output:
Change Dir: /home/aswin/Documents/Courses/Udacity/Intel-Edge-Phase2/Projects/People-Counter-App/Repository/nd131-openvino-people-counter-newui/custom_layers/arcface/cl_pnorm/user_ie_extensions/cpu/build/CMakeFiles/CMakeTmp

Run Build Command:"/usr/bin/make" "cmTC_8c1c7/fast"
/usr/bin/make -f CMakeFiles/cmTC_8c1c7.dir/build.make CMakeFiles/cmTC_8c1c7.dir/build
make[1]: Entering directory '/home/aswin/Documents/Courses/Udacity/Intel-Edge-Phase2/Projects/People-Counter-App/Repository/nd131-openvino-people-counter-newui/custom_layers/arcface/cl_pnorm/user_ie_extensions/cpu/build/CMakeFiles/CMakeTmp'
Building C object CMakeFiles/cmTC_8c1c7.dir/CheckSymbolExists.c.o
/usr/bin/cc   -std=c++11   -o CMakeFiles/cmTC_8c1c7.dir/CheckSymbolExists.c.o   -c /home/aswin/Documents/Courses/Udacity/Intel-Edge-Phase2/Projects/People-Counter-App/Repository/nd131-openvino-people-counter-newui/custom_layers/arcface/cl_pnorm/user_ie_extensions/cpu/build/CMakeFiles/CMakeTmp/CheckSymbolExists.c
cc1: warning: command line option ‘-std=c++11’ is valid for C++/ObjC++ but not for C
Linking C executable cmTC_8c1c7
/usr/bin/cmake -E cmake_link_script CMakeFiles/cmTC_8c1c7.dir/link.txt --verbose=1
/usr/bin/cc  -std=c++11    -rdynamic CMakeFiles/cmTC_8c1c7.dir/CheckSymbolExists.c.o  -o cmTC_8c1c7 
CMakeFiles/cmTC_8c1c7.dir/CheckSymbolExists.c.o: In function `main':
CheckSymbolExists.c:(.text+0x1b): undefined reference to `pthread_create'
collect2: error: ld returned 1 exit status
CMakeFiles/cmTC_8c1c7.dir/build.make:97: recipe for target 'cmTC_8c1c7' failed
make[1]: *** [cmTC_8c1c7] Error 1
make[1]: Leaving directory '/home/aswin/Documents/Courses/Udacity/Intel-Edge-Phase2/Projects/People-Counter-App/Repository/nd131-openvino-people-counter-newui/custom_layers/arcface/cl_pnorm/user_ie_extensions/cpu/build/CMakeFiles/CMakeTmp'
Makefile:126: recipe for target 'cmTC_8c1c7/fast' failed
make: *** [cmTC_8c1c7/fast] Error 2

File /home/aswin/Documents/Courses/Udacity/Intel-Edge-Phase2/Projects/People-Counter-App/Repository/nd131-openvino-people-counter-newui/custom_layers/arcface/cl_pnorm/user_ie_extensions/cpu/build/CMakeFiles/CMakeTmp/CheckSymbolExists.c:
/* */
#include <pthread.h>

int main(int argc, char** argv)
{
  (void)argv;
#ifndef pthread_create
  return ((int*)(&pthread_create))[argc];
#else
  (void)argc;
  return 0;
#endif
}

Determining if the function pthread_create exists in the pthreads failed with the following output:
Change Dir: /home/aswin/Documents/Courses/Udacity/Intel-Edge-Phase2/Projects/People-Counter-App/Repository/nd131-openvino-people-counter-newui/custom_layers/arcface/cl_pnorm/user_ie_extensions/cpu/build/CMakeFiles/CMakeTmp

Run Build Command:"/usr/bin/make" "cmTC_4687d/fast"
/usr/bin/make -f CMakeFiles/cmTC_4687d.dir/build.make CMakeFiles/cmTC_4687d.dir/build
make[1]: Entering directory '/home/aswin/Documents/Courses/Udacity/Intel-Edge-Phase2/Projects/People-Counter-App/Repository/nd131-openvino-people-counter-newui/custom_layers/arcface/cl_pnorm/user_ie_extensions/cpu/build/CMakeFiles/CMakeTmp'
Building C object CMakeFiles/cmTC_4687d.dir/CheckFunctionExists.c.o
/usr/bin/cc   -DCHECK_FUNCTION_EXISTS=pthread_create -std=c++11   -o CMakeFiles/cmTC_4687d.dir/CheckFunctionExists.c.o   -c /usr/share/cmake-3.10/Modules/CheckFunctionExists.c
cc1: warning: command line option ‘-std=c++11’ is valid for C++/ObjC++ but not for C
Linking C executable cmTC_4687d
/usr/bin/cmake -E cmake_link_script CMakeFiles/cmTC_4687d.dir/link.txt --verbose=1
/usr/bin/cc  -DCHECK_FUNCTION_EXISTS=pthread_create -std=c++11    -rdynamic CMakeFiles/cmTC_4687d.dir/CheckFunctionExists.c.o  -o cmTC_4687d -lpthreads 
/usr/bin/ld: cannot find -lpthreads
collect2: error: ld returned 1 exit status
CMakeFiles/cmTC_4687d.dir/build.make:97: recipe for target 'cmTC_4687d' failed
make[1]: *** [cmTC_4687d] Error 1
make[1]: Leaving directory '/home/aswin/Documents/Courses/Udacity/Intel-Edge-Phase2/Projects/People-Counter-App/Repository/nd131-openvino-people-counter-newui/custom_layers/arcface/cl_pnorm/user_ie_extensions/cpu/build/CMakeFiles/CMakeTmp'
Makefile:126: recipe for target 'cmTC_4687d/fast' failed
make: *** [cmTC_4687d/fast] Error 2


